<!DOCTYPE html>
<persistence version="2.1"
	xmlns="http://xmlns.jcp.org/xml/ns/persistence" xmlns:xsi="http://www.w3.org/2001/XMLSchema-instance"
	xsi:schemaLocation="http://xmlns.jcp.org/xml/ns/persistence http://xmlns.jcp.org/xml/ns/persistence/persistence_2_1.xsd">
	
	<persistence-unit name="meussaldos" transaction-type="JTA">
		<jta-data-source>java:jboss/datasources/meussaldos</jta-data-source>
		<properties>
			<property name="hibernate.show_sql" value="true" />
			<property name="hibernate.format_sql" value="true" />
			<!-- UTILIDADE PARA MODO DE DESENVOLVIMENTO -->
			<!-- <property name="hibernate.hbm2ddl.auto" value="update" /> -->
		</properties>
	</persistence-unit>
	
</persistence>
